2025-09-24 06:35:05,827 - __main__ - INFO - 启动普通Worker模式: requests
2025-09-24 06:35:05,830 - redis_client - INFO - Redis连接成功
2025-09-24 06:35:05,831 - __main__ - INFO - Worker初始化完成，类型: requests
2025-09-24 06:35:05,831 - __main__ - INFO - Worker开始运行...
2025-09-24 06:35:05,912 - __main__ - INFO - 启动竞速Worker模式
2025-09-24 06:35:05,921 - redis_client - INFO - Redis连接成功
2025-09-24 06:35:05,921 - race_worker - INFO - RaceWorker初始化完成，支持的爬虫: ['requests', 'newspaper', 'readability', 'trafilatura']
2025-09-24 06:35:05,921 - race_worker - INFO - RaceWorker开始运行...
2025-09-24 06:35:05,941 - __main__ - INFO - 启动普通Worker模式: readability
2025-09-24 06:35:05,945 - redis_client - INFO - Redis连接成功
2025-09-24 06:35:05,946 - __main__ - INFO - Worker初始化完成，类型: readability
2025-09-24 06:35:05,946 - __main__ - INFO - Worker开始运行...
2025-09-24 06:35:05,956 - __main__ - INFO - 启动普通Worker模式: newspaper
2025-09-24 06:35:05,958 - redis_client - INFO - Redis连接成功
2025-09-24 06:35:05,958 - __main__ - INFO - Worker初始化完成，类型: newspaper
2025-09-24 06:35:05,958 - __main__ - INFO - Worker开始运行...
2025-09-24 06:35:31,545 - race_worker - INFO - 接收到信号 15，正在优雅关闭...
2025-09-24 06:35:31,550 - __main__ - INFO - 接收到信号 15，正在优雅关闭...
2025-09-24 06:35:31,554 - __main__ - INFO - 接收到信号 15，正在优雅关闭...
2025-09-24 06:35:31,563 - __main__ - INFO - 接收到信号 15，正在优雅关闭...
2025-09-24 06:35:34,286 - race_worker - INFO - RaceWorker已停止
2025-09-24 06:35:34,286 - race_worker - INFO - 正在清理RaceWorker资源...
2025-09-24 06:35:34,287 - __main__ - INFO - Worker已停止
2025-09-24 06:35:34,287 - __main__ - INFO - 正在清理Worker资源...
2025-09-24 06:35:36,170 - __main__ - INFO - Worker已停止
2025-09-24 06:35:36,170 - __main__ - INFO - 正在清理Worker资源...
2025-09-24 06:35:36,204 - __main__ - INFO - Worker已停止
2025-09-24 06:35:36,204 - __main__ - INFO - 正在清理Worker资源...
